# JRE version: Java(TM) SE Runtime Environment (18.0.2+9) (build 18.0.2+9-61)
# Java VM: Java HotSpot(TM) 64-Bit Server VM (18.0.2+9-61, mixed mode, sharing, tiered, compressed oops, compressed class ptrs, g1 gc, windows-amd64)
GC Precious Log:
 CardTable entry size: 512
 Card Set container configuration: InlinePtr #cards 5 size 8 Array Of Cards #cards 12 size 40 Howl #buckets 4 coarsen threshold 1843 Howl Bitmap #cards 512 size 80 coarsen threshold 460 Card regions per heap region 1 cards per card region 2048
 CPUs: 16 total, 16 available
 Memory: 7501M
 Large Page Support: Disabled
 NUMA Support: Disabled
 Compressed Oops: Enabled (32-bit)
 Heap Region Size: 1M
 Heap Min Capacity: 8M
 Heap Initial Capacity: 118M
 Heap Max Capacity: 2G
 Pre-touch: Disabled
 Parallel Workers: 13
 Concurrent Workers: 3
 Concurrent Refinement Workers: 13
 Periodic GC: Disabled
Heap:
 garbage-first heap   total 86016K, used 54664K [0x0000000080000000, 0x0000000100000000)
  region size 1024K, 36 young (36864K), 4 survivors (4096K)
 Metaspace       used 24490K, committed 25472K, reserved 487424K
  class space    used 3639K, committed 4160K, reserved 421888K
GC Heap History (8 events):
Event: 1.348 GC heap before
{Heap before GC invocations=0 (full 0):
 garbage-first heap   total 120832K, used 26624K [0x0000000080000000, 0x0000000100000000)
  region size 1024K, 23 young (23552K), 0 survivors (0K)
 Metaspace       used 3091K, committed 3264K, reserved 487424K
  class space    used 387K, committed 448K, reserved 421888K
}
Event: 1.357 GC heap after
{Heap after GC invocations=1 (full 0):
 garbage-first heap   total 120832K, used 10448K [0x0000000080000000, 0x0000000100000000)
  region size 1024K, 3 young (3072K), 3 survivors (3072K)
 Metaspace       used 3091K, committed 3264K, reserved 487424K
  class space    used 387K, committed 448K, reserved 421888K
}
Event: 2.657 GC heap before
{Heap before GC invocations=1 (full 0):
 garbage-first heap   total 120832K, used 38096K [0x0000000080000000, 0x0000000100000000)
  region size 1024K, 30 young (30720K), 3 survivors (3072K)
 Metaspace       used 4095K, committed 4224K, reserved 487424K
  class space    used 489K, committed 576K, reserved 421888K
}
Event: 2.664 GC heap after
{Heap after GC invocations=2 (full 0):
 garbage-first heap   total 120832K, used 11079K [0x0000000080000000, 0x0000000100000000)
  region size 1024K, 1 young (1024K), 1 survivors (1024K)
 Metaspace       used 4095K, committed 4224K, reserved 487424K
  class space    used 489K, committed 576K, reserved 421888K
}
Event: 5.856 GC heap before
{Heap before GC invocations=2 (full 0):
 garbage-first heap   total 120832K, used 81735K [0x0000000080000000, 0x0000000100000000)
  region size 1024K, 70 young (71680K), 1 survivors (1024K)
 Metaspace       used 15222K, committed 15680K, reserved 487424K
  class space    used 2094K, committed 2304K, reserved 421888K
}
Event: 5.867 GC heap after
{Heap after GC invocations=3 (full 0):
 garbage-first heap   total 120832K, used 19519K [0x0000000080000000, 0x0000000100000000)
  region size 1024K, 9 young (9216K), 9 survivors (9216K)
 Metaspace       used 15222K, committed 15680K, reserved 487424K
  class space    used 2094K, committed 2304K, reserved 421888K
}
Event: 7.670 GC heap before
{Heap before GC invocations=3 (full 0):
 garbage-first heap   total 120832K, used 62527K [0x0000000080000000, 0x0000000100000000)
  region size 1024K, 52 young (53248K), 9 survivors (9216K)
 Metaspace       used 20791K, committed 21504K, reserved 487424K
  class space    used 3020K, committed 3392K, reserved 421888K
}
Event: 7.700 GC heap after
{Heap after GC invocations=4 (full 0):
 garbage-first heap   total 120832K, used 22920K [0x0000000080000000, 0x0000000100000000)
  region size 1024K, 4 young (4096K), 4 survivors (4096K)
 Metaspace       used 20791K, committed 21504K, reserved 487424K
  class space    used 3020K, committed 3392K, reserved 421888K
}

